{"sessionId": "afab80", "location": "generate_embeddings.py:main", "message": "script started", "data": {}, "hypothesisId": "H1", "timestamp": 1772903396582}
{"sessionId": "afab80", "location": "generate_embeddings.py:main", "message": "total computed", "data": {"total": 836, "force": false, "db_host": "localhost", "db_name": "moodflix"}, "hypothesisId": "H2_H5", "timestamp": 1772903396941}
{"sessionId": "afab80", "location": "generate_embeddings.py:batch", "message": "before embed_texts", "data": {"rows_count": 100, "first_show_id": 11}, "hypothesisId": "H3", "timestamp": 1772903396991}
{"sessionId": "afab80", "location": "generate_embeddings.py:batch", "message": "after embed_texts", "data": {"vectors_count": 100, "vec_dim": 384}, "hypothesisId": "H3", "timestamp": 1772903406584}
{"sessionId": "afab80", "location": "generate_embeddings.py:batch", "message": "after commit", "data": {"processed": 100, "batch_size": 100}, "hypothesisId": "H4", "timestamp": 1772903406961}
{"sessionId": "afab80", "location": "generate_embeddings.py:batch", "message": "before embed_texts", "data": {"rows_count": 100, "first_show_id": 111}, "hypothesisId": "H3", "timestamp": 1772903406978}
{"sessionId": "afab80", "location": "generate_embeddings.py:batch", "message": "after embed_texts", "data": {"vectors_count": 100, "vec_dim": 384}, "hypothesisId": "H3", "timestamp": 1772903411874}
{"sessionId": "afab80", "location": "generate_embeddings.py:batch", "message": "after commit", "data": {"processed": 200, "batch_size": 100}, "hypothesisId": "H4", "timestamp": 1772903412235}
{"sessionId": "afab80", "location": "generate_embeddings.py:batch", "message": "before embed_texts", "data": {"rows_count": 100, "first_show_id": 211}, "hypothesisId": "H3", "timestamp": 1772903412243}
{"sessionId": "afab80", "location": "generate_embeddings.py:batch", "message": "after embed_texts", "data": {"vectors_count": 100, "vec_dim": 384}, "hypothesisId": "H3", "timestamp": 1772903416346}
{"sessionId": "afab80", "location": "generate_embeddings.py:batch", "message": "after commit", "data": {"processed": 300, "batch_size": 100}, "hypothesisId": "H4", "timestamp": 1772903416700}
{"sessionId": "afab80", "location": "generate_embeddings.py:batch", "message": "before embed_texts", "data": {"rows_count": 100, "first_show_id": 311}, "hypothesisId": "H3", "timestamp": 1772903416709}
{"sessionId": "afab80", "location": "generate_embeddings.py:batch", "message": "after embed_texts", "data": {"vectors_count": 100, "vec_dim": 384}, "hypothesisId": "H3", "timestamp": 1772903420765}
{"sessionId": "afab80", "location": "generate_embeddings.py:batch", "message": "after commit", "data": {"processed": 400, "batch_size": 100}, "hypothesisId": "H4", "timestamp": 1772903421146}
{"sessionId": "afab80", "location": "generate_embeddings.py:batch", "message": "before embed_texts", "data": {"rows_count": 100, "first_show_id": 411}, "hypothesisId": "H3", "timestamp": 1772903421154}
{"sessionId": "afab80", "location": "generate_embeddings.py:batch", "message": "after embed_texts", "data": {"vectors_count": 100, "vec_dim": 384}, "hypothesisId": "H3", "timestamp": 1772903424884}
{"sessionId": "afab80", "location": "generate_embeddings.py:batch", "message": "after commit", "data": {"processed": 500, "batch_size": 100}, "hypothesisId": "H4", "timestamp": 1772903425288}
{"sessionId": "afab80", "location": "generate_embeddings.py:batch", "message": "before embed_texts", "data": {"rows_count": 100, "first_show_id": 511}, "hypothesisId": "H3", "timestamp": 1772903425296}
{"sessionId": "afab80", "location": "generate_embeddings.py:batch", "message": "after embed_texts", "data": {"vectors_count": 100, "vec_dim": 384}, "hypothesisId": "H3", "timestamp": 1772903428410}
{"sessionId": "afab80", "location": "generate_embeddings.py:batch", "message": "after commit", "data": {"processed": 600, "batch_size": 100}, "hypothesisId": "H4", "timestamp": 1772903428775}
{"sessionId": "afab80", "location": "generate_embeddings.py:batch", "message": "before embed_texts", "data": {"rows_count": 100, "first_show_id": 611}, "hypothesisId": "H3", "timestamp": 1772903428784}
{"sessionId": "afab80", "location": "generate_embeddings.py:batch", "message": "after embed_texts", "data": {"vectors_count": 100, "vec_dim": 384}, "hypothesisId": "H3", "timestamp": 1772903432078}
{"sessionId": "afab80", "location": "generate_embeddings.py:batch", "message": "after commit", "data": {"processed": 700, "batch_size": 100}, "hypothesisId": "H4", "timestamp": 1772903432871}
{"sessionId": "afab80", "location": "generate_embeddings.py:batch", "message": "before embed_texts", "data": {"rows_count": 100, "first_show_id": 711}, "hypothesisId": "H3", "timestamp": 1772903432882}
{"sessionId": "afab80", "location": "generate_embeddings.py:batch", "message": "after embed_texts", "data": {"vectors_count": 100, "vec_dim": 384}, "hypothesisId": "H3", "timestamp": 1772903436568}
{"sessionId": "afab80", "location": "generate_embeddings.py:batch", "message": "after commit", "data": {"processed": 800, "batch_size": 100}, "hypothesisId": "H4", "timestamp": 1772903437003}
{"sessionId": "afab80", "location": "generate_embeddings.py:batch", "message": "before embed_texts", "data": {"rows_count": 36, "first_show_id": 811}, "hypothesisId": "H3", "timestamp": 1772903437010}
{"sessionId": "afab80", "location": "generate_embeddings.py:batch", "message": "after embed_texts", "data": {"vectors_count": 36, "vec_dim": 384}, "hypothesisId": "H3", "timestamp": 1772903438443}
{"sessionId": "afab80", "location": "generate_embeddings.py:batch", "message": "after commit", "data": {"processed": 836, "batch_size": 36}, "hypothesisId": "H4", "timestamp": 1772903438628}
